*.interiorwindowshuttercrew.com
appleid.apple.com.download-confirmation.com
*.hackerone-com.com
*.net-co.net.co
facebook.mikereverb.com
*.digicloudmining.info
facebook.mikereverb.com
blockchainplus.xyz
www.mostradecinemadaamazonia.com
isupport.cl
www.thejewishoutlook.com
*.amazoncoupons.altervista.org
sip.uc02.r-com.com.au
www.amazon.fr.annulation-achat.online
mobile.paypal-account.support-limited.oghoc5aen.center
integratedwindowsystems.com
microsoft.realdolmen.com
microsoft.realdolmen.com
diywindowshop.co.uk
*.accountsupportactivation.download
www.integratedwindowsystems.com
appleid.apple.com-icloud-privacy.services
mail.hataricloud.com
www.openwindowsspa.org
*.newwindows.club
mail.replacementwindowsforsailboats.com
www.secure-apple.com-itunes-websappssecureinfologin.com
appleid.apple.com-icloud-privacy.services
www.openwindowsspa.org
*.gmailbusinessha.com
portal-ssl2362-0.bmix-lon-yp-f2cf37a5-9e3c-4b20-b450-ec208deab4a5.sudhakar-a-bmix-in-ibm-com.composedb.com
www.secure-apple.com-itunes-websappssecureinfologin.com
facebook.nycomplaw.com
apple.loginicloud.info
appleid-applle.net
facebookmastery.vn
portal-ssl2483-2.bmix-lon-yp-f2cf37a5-9e3c-4b20-b450-ec208deab4a5.sudhakar-a-bmix-in-ibm-com.composedb.com
www.dropbox.onlineservices.ifsmauritius.evolvence.indiafundpcc.secureaccountdistributionnotice.verificationservice.newshimalay.com
www.office-support.info
portal-ssl2362-0.bmix-lon-yp-f2cf37a5-9e3c-4b20-b450-ec208deab4a5.sudhakar-a-bmix-in-ibm-com.composedb.com
facebook.nycomplaw.com
*.theboywholovedwindows.com
*.theboywholovedwindows.com
portal-ssl2483-2.bmix-lon-yp-f2cf37a5-9e3c-4b20-b450-ec208deab4a5.sudhakar-a-bmix-in-ibm-com.composedb.com
www.dropbox.onlineservices.ifsmauritius.evolvence.indiafundpcc.secureaccountdistributionnotice.verificationservice.newshimalay.com
*.windowscleaningchester.co.uk
*.windowscleaningchester.co.uk
*.net-co.net.co
facebook.mikereverb.com
sign-in.icloud.accountverificationform.com
education208678gmail.com
icloud247.com
ares.icloud247.com
cloud.myicloud-id.net
newpaypalmoneyadder.com
www.neatewindows.com.au
unicloudsolutions.tech
www.great-russia.istoutlook.com
twitter.burhankhawaja.com
www.altavistaamazonia.com
gmaillogins.online
cpanel.com-tt.gq
testtwitter.indppl.com
cpanel.ttwitter.com.ve
facebook.burhankhawaja.com
sign-in.icloud.accountverificationform.com
amazondevicesupport.extendersetup.xyz
twitterfeed.tremby.net
*.muskokacleanwindows.com
www.bill.com-vip.ru
custombuiltwindows.com
webmail.icloudreport.com
mobile.paypal-account.support-limited.oghoc5aen.center
facebook-agentur-dresden.de
gs-com.ch
*.muskokacleanwindows.com
paypal-account.support-limited.oghoc5aen.center
blockchainplus.xyz
webmail.icloudreport.com
mobile.paypal-account.support-limited.oghoc5aen.center
www.mostradecinemadaamazonia.com
gs-com.ch
*.macy-com.us
*.kingmail.info
kingmail.info
*.blockchainext.com
blockchainext.com
*.blockchainfinance.com.au
blockchainfinance.com.au
*.mywindowsanddoorsllc.net
mywindowsanddoorsllc.net
*.exportoutlookmacmail.com
exportoutlookmacmail.com
*.cleanwindows.com
cleanwindows.com
*.picturesquewindows.com
picturesquewindows.com
net-verify-account-unblocked-signin-info.ml
www.net-verify-account-unblocked-signin-info.ml
